<?xml version="1.0" encoding="UTF-8"?>
<Site BuildName="Linux-g++"
	BuildStamp="20240713-1819-Experimental"
	Name="whiteshadow"
	Generator="ctest-3.22.1"
	CompilerName="/usr/bin/g++"
	CompilerVersion="11.4.0"
	OSName="Linux"
	Hostname="whiteshadow"
	OSRelease="5.15.0-113-generic"
	OSVersion="#123-Ubuntu SMP Mon Jun 10 08:16:17 UTC 2024"
	OSPlatform="x86_64"
	Is64Bits="1"
	VendorString="GenuineIntel"
	VendorID="Intel Corporation"
	FamilyID="6"
	ModelID="69"
	ProcessorCacheSize="3072"
	NumberOfLogicalCPU="4"
	NumberOfPhysicalCPU="2"
	TotalVirtualMemory="2047"
	TotalPhysicalMemory="7843"
	LogicalProcessorsPerPhysical="2"
	ProcessorClockFrequency="2593.91"
	>
	<Testing>
		<StartDateTime>Jul 13 14:19 EDT</StartDateTime>
		<StartTestTime>1720894786</StartTestTime>
		<TestList/>
		<EndDateTime>Jul 13 14:19 EDT</EndDateTime>
		<EndTestTime>1720894786</EndTestTime>
		<ElapsedMinutes>0</ElapsedMinutes>
	</Testing>
</Site>
